2023-06-28 10:47:08,327 INFO PERFORMANCE:|2|2|-1|-1

2023-06-28 10:52:08,329 INFO PERFORMANCE:|3|3|-1|-1

2023-06-28 10:57:08,331 INFO PERFORMANCE:|3|3|-1|-1

2023-06-28 11:02:08,332 INFO PERFORMANCE:|3|3|-1|-1

2023-06-28 11:07:08,333 INFO PERFORMANCE:|3|3|-1|-1

2023-06-28 11:12:08,334 INFO PERFORMANCE:|3|3|-1|-1

2023-06-28 11:17:08,335 INFO PERFORMANCE:|3|3|-1|-1

2023-06-28 11:22:08,336 INFO PERFORMANCE:|3|3|-1|-1

2023-06-28 11:27:08,337 INFO PERFORMANCE:|3|3|-1|-1

2023-06-28 11:32:08,337 INFO PERFORMANCE:|3|3|-1|-1

2023-06-28 11:37:08,339 INFO PERFORMANCE:|3|3|-1|-1

2023-06-28 11:42:08,343 INFO PERFORMANCE:|3|3|-1|-1

2023-06-28 11:47:08,345 INFO PERFORMANCE:|3|3|-1|-1

2023-06-28 11:52:08,346 INFO PERFORMANCE:|3|3|-1|-1

2023-06-28 11:57:08,347 INFO PERFORMANCE:|3|3|-1|-1

2023-06-28 12:02:08,348 INFO PERFORMANCE:|3|3|-1|-1

2023-06-28 12:07:08,349 INFO PERFORMANCE:|3|3|-1|-1

2023-06-28 12:12:08,351 INFO PERFORMANCE:|3|3|-1|-1

2023-06-28 12:17:08,352 INFO PERFORMANCE:|3|3|-1|-1

2023-06-28 12:22:08,353 INFO PERFORMANCE:|3|3|-1|-1

2023-06-28 12:27:08,355 INFO PERFORMANCE:|3|3|-1|-1

2023-06-28 12:32:08,356 INFO PERFORMANCE:|3|3|-1|-1

2023-06-28 12:37:08,357 INFO PERFORMANCE:|3|3|-1|-1

2023-06-28 12:42:08,359 INFO PERFORMANCE:|3|3|-1|-1

2023-06-28 12:47:08,361 INFO PERFORMANCE:|3|3|-1|-1

2023-06-28 12:52:08,363 INFO PERFORMANCE:|3|3|-1|-1

2023-06-28 12:57:08,365 INFO PERFORMANCE:|3|3|-1|-1

2023-06-28 13:02:08,366 INFO PERFORMANCE:|3|3|-1|-1

2023-06-28 13:07:08,367 INFO PERFORMANCE:|3|3|-1|-1

2023-06-28 13:12:08,368 INFO PERFORMANCE:|3|3|-1|-1

2023-06-28 13:17:08,369 INFO PERFORMANCE:|3|3|-1|-1

2023-06-28 13:22:08,369 INFO PERFORMANCE:|3|3|-1|-1

2023-06-28 13:27:08,371 INFO PERFORMANCE:|3|3|-1|-1

2023-06-28 13:32:08,372 INFO PERFORMANCE:|3|3|-1|-1

2023-06-28 13:37:08,373 INFO PERFORMANCE:|3|3|-1|-1

2023-06-28 13:42:08,375 INFO PERFORMANCE:|3|3|-1|-1

2023-06-28 13:47:08,375 INFO PERFORMANCE:|3|3|-1|-1

2023-06-28 13:52:08,376 INFO PERFORMANCE:|3|3|-1|-1

2023-06-28 13:57:08,378 INFO PERFORMANCE:|3|3|-1|-1

2023-06-28 14:02:08,379 INFO PERFORMANCE:|3|3|-1|-1

2023-06-28 14:07:08,380 INFO PERFORMANCE:|3|3|-1|-1

2023-06-28 14:12:08,380 INFO PERFORMANCE:|3|3|-1|-1

2023-06-28 14:17:08,382 INFO PERFORMANCE:|3|3|-1|-1

2023-06-28 14:22:08,383 INFO PERFORMANCE:|3|3|-1|-1

2023-06-28 14:27:08,383 INFO PERFORMANCE:|3|3|-1|-1

2023-06-28 14:32:08,384 INFO PERFORMANCE:|3|3|-1|-1

2023-06-28 14:37:08,386 INFO PERFORMANCE:|3|3|-1|-1

2023-06-28 14:42:08,387 INFO PERFORMANCE:|3|3|-1|-1

2023-06-28 14:47:08,388 INFO PERFORMANCE:|3|3|-1|-1

2023-06-28 14:52:08,389 INFO PERFORMANCE:|3|3|-1|-1

2023-06-28 14:57:08,391 INFO PERFORMANCE:|3|3|-1|-1

2023-06-28 15:02:08,392 INFO PERFORMANCE:|3|3|-1|-1

2023-06-28 15:07:08,393 INFO PERFORMANCE:|3|3|-1|-1

2023-06-28 15:12:08,393 INFO PERFORMANCE:|3|3|-1|-1

2023-06-28 15:17:08,394 INFO PERFORMANCE:|3|3|-1|-1

2023-06-28 15:22:08,395 INFO PERFORMANCE:|3|3|-1|-1

2023-06-28 15:27:08,397 INFO PERFORMANCE:|3|3|-1|-1

2023-06-28 15:32:08,398 INFO PERFORMANCE:|3|3|-1|-1

2023-06-28 15:37:08,399 INFO PERFORMANCE:|3|3|-1|-1

2023-06-28 15:42:08,400 INFO PERFORMANCE:|3|3|-1|-1

2023-06-28 15:47:08,401 INFO PERFORMANCE:|3|3|-1|-1

2023-06-28 15:52:08,402 INFO PERFORMANCE:|3|3|-1|-1

2023-06-28 15:57:08,404 INFO PERFORMANCE:|3|3|-1|-1

