2023-06-22 21:33:28,830 INFO DEFAULT_GROUP@@gulimall-product is changed, add it to push queue.

2023-06-22 21:33:29,827 INFO DEFAULT_GROUP@@gulimall-ware is changed, add it to push queue.

2023-06-22 21:33:30,645 INFO DEFAULT_GROUP@@gulimall-coupon is changed, add it to push queue.

2023-06-22 21:33:31,225 INFO DEFAULT_GROUP@@gulimall-member is changed, add it to push queue.

2023-06-22 21:33:31,954 INFO DEFAULT_GROUP@@gulimall-order is changed, add it to push queue.

2023-06-22 21:34:44,162 INFO DEFAULT_GROUP@@gulimall-coupon is changed, add it to push queue.

2023-06-22 21:34:44,220 INFO DEFAULT_GROUP@@gulimall-member is changed, add it to push queue.

2023-06-22 21:34:44,262 INFO DEFAULT_GROUP@@gulimall-order is changed, add it to push queue.

2023-06-22 21:34:44,295 INFO DEFAULT_GROUP@@gulimall-product is changed, add it to push queue.

2023-06-22 21:34:44,333 INFO DEFAULT_GROUP@@gulimall-ware is changed, add it to push queue.

2023-06-22 21:34:56,375 INFO DEFAULT_GROUP@@gulimall-coupon is changed, add it to push queue.

2023-06-22 21:35:00,141 INFO DEFAULT_GROUP@@gulimall-ware is changed, add it to push queue.

2023-06-22 21:35:04,488 INFO DEFAULT_GROUP@@gulimall-member is changed, add it to push queue.

2023-06-22 21:35:09,013 INFO DEFAULT_GROUP@@gulimall-order is changed, add it to push queue.

2023-06-22 21:35:12,858 INFO DEFAULT_GROUP@@gulimall-product is changed, add it to push queue.

2023-06-22 21:37:07,926 INFO DEFAULT_GROUP@@gulimall-order is changed, add it to push queue.

2023-06-22 21:37:07,930 INFO DEFAULT_GROUP@@gulimall-member is changed, add it to push queue.

2023-06-22 21:37:07,930 INFO DEFAULT_GROUP@@gulimall-ware is changed, add it to push queue.

2023-06-22 21:37:10,566 INFO DEFAULT_GROUP@@gulimall-coupon is changed, add it to push queue.

2023-06-22 21:37:12,083 INFO DEFAULT_GROUP@@gulimall-product is changed, add it to push queue.

2023-06-22 21:37:55,705 INFO DEFAULT_GROUP@@gulimall-coupon is changed, add it to push queue.

2023-06-22 21:37:55,769 INFO DEFAULT_GROUP@@gulimall-member is changed, add it to push queue.

2023-06-22 21:37:55,818 INFO DEFAULT_GROUP@@gulimall-order is changed, add it to push queue.

2023-06-22 21:37:55,883 INFO DEFAULT_GROUP@@gulimall-product is changed, add it to push queue.

2023-06-22 21:37:55,930 INFO DEFAULT_GROUP@@gulimall-ware is changed, add it to push queue.

